<?xml version="1.0" encoding="UTF-8"?>
<testng-results ignored="0" total="1" passed="1" failed="0" skipped="0">
  <reporter-output>
  </reporter-output>
  <suite started-at="2022-12-08T17:40:17 IST" name="Default suite" finished-at="2022-12-08T17:40:41 IST" duration-ms="23717">
    <groups>
    </groups>
    <test started-at="2022-12-08T17:40:17 IST" name="Default test" finished-at="2022-12-08T17:40:41 IST" duration-ms="23717">
      <class name="OmarAlwan.Tests.EndToEnd">
        <test-method is-config="true" signature="lauchApplication()[pri:0, instance:OmarAlwan.Tests.EndToEnd@73e9cf30]" started-at="2022-12-08T17:40:17 IST" name="lauchApplication" finished-at="2022-12-08T17:40:24 IST" duration-ms="6983" status="PASS">
          <reporter-output>
          </reporter-output>
        </test-method> <!-- lauchApplication -->
        <test-method signature="endToEnd()[pri:0, instance:OmarAlwan.Tests.EndToEnd@73e9cf30]" started-at="2022-12-08T17:40:24 IST" name="endToEnd" finished-at="2022-12-08T17:40:41 IST" duration-ms="16468" status="PASS">
          <reporter-output>
          </reporter-output>
        </test-method> <!-- endToEnd -->
        <test-method is-config="true" signature="closeApp()[pri:0, instance:OmarAlwan.Tests.EndToEnd@73e9cf30]" started-at="2022-12-08T17:40:41 IST" name="closeApp" finished-at="2022-12-08T17:40:41 IST" duration-ms="196" status="PASS">
          <reporter-output>
          </reporter-output>
        </test-method> <!-- closeApp -->
      </class> <!-- OmarAlwan.Tests.EndToEnd -->
    </test> <!-- Default test -->
  </suite> <!-- Default suite -->
</testng-results>
